INFO - 2023-10-25 07:34:21 --> REDIRECTED ROUTE at http://localhost:8080/home
INFO - 2023-10-25 07:34:21 --> Session: Class initialized using 'CodeIgniter\Session\Handlers\FileHandler' driver.
WARNING - 2023-10-25 07:34:21 --> [DEPRECATED] Creation of dynamic property App\Controllers\Auth::$db is deprecated in APPPATH\Controllers\BaseController.php on line 58.
 1 SYSTEMPATH\CodeIgniter.php(915): App\Controllers\BaseController->initController(Object(CodeIgniter\HTTP\IncomingRequest), Object(CodeIgniter\HTTP\Response), Object(CodeIgniter\Log\Logger))
 2 SYSTEMPATH\CodeIgniter.php(493): CodeIgniter\CodeIgniter->createController()
 3 SYSTEMPATH\CodeIgniter.php(361): CodeIgniter\CodeIgniter->handleRequest(null, Object(Config\Cache), false)
 4 FCPATH\index.php(79): CodeIgniter\CodeIgniter->run()
 5 SYSTEMPATH\Commands\Server\rewrite.php(47): require_once('C:\\xampp\\htdocs\\yuknikah\\public\\index.php')
INFO - 2023-10-25 07:34:21 --> Session: Class initialized using 'CodeIgniter\Session\Handlers\FileHandler' driver.
ERROR - 2023-10-25 07:42:26 --> mysqli_sql_exception: MySQL server has gone away in C:\xampp\htdocs\yuknikah\system\Database\MySQLi\Connection.php:306
Stack trace:
#0 C:\xampp\htdocs\yuknikah\system\Database\MySQLi\Connection.php(306): mysqli->query('DROP TABLE `con...', 0)
#1 C:\xampp\htdocs\yuknikah\system\Database\BaseConnection.php(693): CodeIgniter\Database\MySQLi\Connection->execute('DROP TABLE `con...')
#2 C:\xampp\htdocs\yuknikah\system\Database\BaseConnection.php(607): CodeIgniter\Database\BaseConnection->simpleQuery('DROP TABLE `con...')
#3 C:\xampp\htdocs\yuknikah\system\Database\Forge.php(637): CodeIgniter\Database\BaseConnection->query('DROP TABLE `con...')
#4 C:\xampp\htdocs\yuknikah\app\Database\Migrations\2023-10-24-233715_CreateContacts.php(69): CodeIgniter\Database\Forge->dropTable('contacts')
#5 C:\xampp\htdocs\yuknikah\system\Database\MigrationRunner.php(873): App\Database\Migrations\CreateContacts->down()
#6 C:\xampp\htdocs\yuknikah\system\Database\MigrationRunner.php(295): CodeIgniter\Database\MigrationRunner->migrate('down', Object(stdClass))
#7 C:\xampp\htdocs\yuknikah\system\Commands\Database\MigrateRollback.php(86): CodeIgniter\Database\MigrationRunner->regress(3)
#8 C:\xampp\htdocs\yuknikah\system\CLI\Commands.php(65): CodeIgniter\Commands\Database\MigrateRollback->run(Array)
#9 C:\xampp\htdocs\yuknikah\system\CLI\Console.php(46): CodeIgniter\CLI\Commands->run('migrate:rollbac...', Array)
#10 C:\xampp\htdocs\yuknikah\spark(102): CodeIgniter\CLI\Console->run()
#11 {main}
